<?xml version="1.0" encoding="UTF-8"?>
<testng-results ignored="0" total="1" passed="1" failed="0" skipped="0">
  <reporter-output>
  </reporter-output>
  <suite started-at="2024-09-01T21:36:18 IST" name="Default suite" finished-at="2024-09-01T21:37:40 IST" duration-ms="82223">
    <groups>
    </groups>
    <test started-at="2024-09-01T21:36:18 IST" name="Default test" finished-at="2024-09-01T21:37:40 IST" duration-ms="82223">
      <class name="eCommerce.Test1">
        <test-method is-config="true" signature="startApp()[pri:0, instance:eCommerce.Test1@201a4587]" started-at="2024-09-01T21:36:18 IST" name="startApp" finished-at="2024-09-01T21:37:09 IST" duration-ms="51277" status="PASS">
          <reporter-output>
          </reporter-output>
        </test-method> <!-- startApp -->
        <test-method signature="test1()[pri:0, instance:eCommerce.Test1@201a4587]" started-at="2024-09-01T21:37:09 IST" name="test1" finished-at="2024-09-01T21:37:38 IST" duration-ms="29359" status="PASS">
          <reporter-output>
          </reporter-output>
        </test-method> <!-- test1 -->
        <test-method is-config="true" signature="closeApp()[pri:0, instance:eCommerce.Test1@201a4587]" started-at="2024-09-01T21:37:38 IST" name="closeApp" finished-at="2024-09-01T21:37:40 IST" duration-ms="1544" status="PASS">
          <reporter-output>
          </reporter-output>
        </test-method> <!-- closeApp -->
      </class> <!-- eCommerce.Test1 -->
    </test> <!-- Default test -->
  </suite> <!-- Default suite -->
</testng-results>
